<!DOCTYPE html>

<html>
  <head>
  <meta charset='utf-8'>
  <title>TestNG reports</title>

    <link type="text/css" href="testng-reports1.css" rel="stylesheet" id="ultra" />
    <link type="text/css" href="testng-reports.css" rel="stylesheet" id="retro" disabled="false"/>
    <script type="text/javascript" src="jquery-3.6.0.min.js"></script>
    <script type="text/javascript" src="testng-reports.js"></script>
    <script type="text/javascript" src="https://www.google.com/jsapi"></script>
    <script type='text/javascript'>
      google.load('visualization', '1', {packages:['table']});
      google.setOnLoadCallback(drawTable);
      var suiteTableInitFunctions = new Array();
      var suiteTableData = new Array();
    </script>
    <!--
      <script type="text/javascript" src="jquery-ui/js/jquery-ui-1.8.16.custom.min.js"></script>
     -->
  </head>

  <body>    <div class="top-banner-root">
      <span class="top-banner-title-font">Test results</span>
      <button id="button" class="button">Switch Retro Theme</button> <!-- button -->
      <br/>
      <span class="top-banner-font-1">1 suite, 2 failed tests</span>
    </div> <!-- top-banner-root -->
    <div class="navigator-root">
      <div class="navigator-suite-header">
        <span>All suites</span>
        <a href="#" title="Collapse/expand all the suites" class="collapse-all-link">
          <img src="collapseall.gif" class="collapse-all-icon">
          </img> <!-- collapse-all-icon -->
        </a> <!-- collapse-all-link -->
      </div> <!-- navigator-suite-header -->
      <div class="suite">
        <div class="rounded-window">
          <div class="suite-header light-rounded-window-top">
            <a href="#" panel-name="suite-book_flight_module" class="navigator-link">
              <span class="suite-name border-failed">book-flight-module</span>
            </a> <!-- navigator-link -->
          </div> <!-- suite-header light-rounded-window-top -->
          <div class="navigator-suite-content">
            <div class="suite-section-title">
              <span>Info</span>
            </div> <!-- suite-section-title -->
            <div class="suite-section-content">
              <ul>
                <li>
                  <a href="#" panel-name="test-xml-book_flight_module" class="navigator-link ">
                    <span>D:\SeleniumDockerFramework\seleniumdocker\book-flight.module.xml</span>
                  </a> <!-- navigator-link  -->
                </li>
                <li>
                  <a href="#" panel-name="testlist-book_flight_module" class="navigator-link ">
                    <span class="test-stats">4 tests</span>
                  </a> <!-- navigator-link  -->
                </li>
                <li>
                  <a href="#" panel-name="group-book_flight_module" class="navigator-link ">
                    <span>0 groups</span>
                  </a> <!-- navigator-link  -->
                </li>
                <li>
                  <a href="#" panel-name="times-book_flight_module" class="navigator-link ">
                    <span>Times</span>
                  </a> <!-- navigator-link  -->
                </li>
                <li>
                  <a href="#" panel-name="reporter-book_flight_module" class="navigator-link ">
                    <span>Reporter output</span>
                  </a> <!-- navigator-link  -->
                </li>
                <li>
                  <a href="#" panel-name="ignored-methods-book_flight_module" class="navigator-link ">
                    <span>Ignored methods</span>
                  </a> <!-- navigator-link  -->
                </li>
                <li>
                  <a href="#" panel-name="chronological-book_flight_module" class="navigator-link ">
                    <span>Chronological view</span>
                  </a> <!-- navigator-link  -->
                </li>
              </ul>
            </div> <!-- suite-section-content -->
            <div class="result-section">
              <div class="suite-section-title">
                <span>Results</span>
              </div> <!-- suite-section-title -->
              <div class="suite-section-content">
                <ul>
                  <li>
                    <span class="method-stats">24 methods, 2 failed,  18 skipped,  4 passed</span>
                  </li>
                  <li>
                    <span class="method-list-title failed">Failed methods</span>
                    <span class="show-or-hide-methods failed">
                      <a href="#" panel-name="suite-book_flight_module" class="hide-methods failed suite-book_flight_module"> (hide)</a> <!-- hide-methods failed suite-book_flight_module -->
                      <a href="#" panel-name="suite-book_flight_module" class="show-methods failed suite-book_flight_module"> (show)</a> <!-- show-methods failed suite-book_flight_module -->
                    </span>
                    <div class="method-list-content failed suite-book_flight_module">
                      <span>
                        <img src="failed.png" width="3%"/>
                        <a href="#" panel-name="suite-book_flight_module" title="com.newtours.tests.BookFlightTest" class="method navigator-link" hash-for-method="flightsDetailsPageTest">flightsDetailsPageTest</a> <!-- method navigator-link -->
                      </span>
                      <br/>
                      <span>
                        <img src="failed.png" width="3%"/>
                        <a href="#" panel-name="suite-book_flight_module" title="com.newtours.tests.BookFlightTest" class="method navigator-link" hash-for-method="registrationPageTest">registrationPageTest</a> <!-- method navigator-link -->
                      </span>
                      <br/>
                    </div> <!-- method-list-content failed suite-book_flight_module -->
                  </li>
                  <li>
                    <span class="method-list-title skipped">Skipped methods</span>
                    <span class="show-or-hide-methods skipped">
                      <a href="#" panel-name="suite-book_flight_module" class="hide-methods skipped suite-book_flight_module"> (hide)</a> <!-- hide-methods skipped suite-book_flight_module -->
                      <a href="#" panel-name="suite-book_flight_module" class="show-methods skipped suite-book_flight_module"> (show)</a> <!-- show-methods skipped suite-book_flight_module -->
                    </span>
                    <div class="method-list-content skipped suite-book_flight_module">
                      <span>
                        <img src="skipped.png" width="3%"/>
                        <a href="#" panel-name="suite-book_flight_module" title="com.newtours.tests.BookFlightTest" class="method navigator-link" hash-for-method="findConfirmationPageTest">findConfirmationPageTest</a> <!-- method navigator-link -->
                      </span>
                      <br/>
                      <span>
                        <img src="skipped.png" width="3%"/>
                        <a href="#" panel-name="suite-book_flight_module" title="com.newtours.tests.BookFlightTest" class="method navigator-link" hash-for-method="findConfirmationPageTest">findConfirmationPageTest</a> <!-- method navigator-link -->
                      </span>
                      <br/>
                      <span>
                        <img src="skipped.png" width="3%"/>
                        <a href="#" panel-name="suite-book_flight_module" title="com.newtours.tests.BookFlightTest" class="method navigator-link" hash-for-method="findConfirmationPageTest">findConfirmationPageTest</a> <!-- method navigator-link -->
                      </span>
                      <br/>
                      <span>
                        <img src="skipped.png" width="3%"/>
                        <a href="#" panel-name="suite-book_flight_module" title="com.newtours.tests.BookFlightTest" class="method navigator-link" hash-for-method="findConfirmationPageTest">findConfirmationPageTest</a> <!-- method navigator-link -->
                      </span>
                      <br/>
                      <span>
                        <img src="skipped.png" width="3%"/>
                        <a href="#" panel-name="suite-book_flight_module" title="com.newtours.tests.BookFlightTest" class="method navigator-link" hash-for-method="findFlightsPageTest">findFlightsPageTest</a> <!-- method navigator-link -->
                      </span>
                      <br/>
                      <span>
                        <img src="skipped.png" width="3%"/>
                        <a href="#" panel-name="suite-book_flight_module" title="com.newtours.tests.BookFlightTest" class="method navigator-link" hash-for-method="findFlightsPageTest">findFlightsPageTest</a> <!-- method navigator-link -->
                      </span>
                      <br/>
                      <span>
                        <img src="skipped.png" width="3%"/>
                        <a href="#" panel-name="suite-book_flight_module" title="com.newtours.tests.BookFlightTest" class="method navigator-link" hash-for-method="findFlightsPageTest">findFlightsPageTest</a> <!-- method navigator-link -->
                      </span>
                      <br/>
                      <span>
                        <img src="skipped.png" width="3%"/>
                        <a href="#" panel-name="suite-book_flight_module" title="com.newtours.tests.BookFlightTest" class="method navigator-link" hash-for-method="findFlightsPageTest">findFlightsPageTest</a> <!-- method navigator-link -->
                      </span>
                      <br/>
                      <span>
                        <img src="skipped.png" width="3%"/>
                        <a href="#" panel-name="suite-book_flight_module" title="com.newtours.tests.BookFlightTest" class="method navigator-link" hash-for-method="flightsDetailsPageTest">flightsDetailsPageTest</a> <!-- method navigator-link -->
                      </span>
                      <br/>
                      <span>
                        <img src="skipped.png" width="3%"/>
                        <a href="#" panel-name="suite-book_flight_module" title="com.newtours.tests.BookFlightTest" class="method navigator-link" hash-for-method="flightsDetailsPageTest">flightsDetailsPageTest</a> <!-- method navigator-link -->
                      </span>
                      <br/>
                      <span>
                        <img src="skipped.png" width="3%"/>
                        <a href="#" panel-name="suite-book_flight_module" title="com.newtours.tests.BookFlightTest" class="method navigator-link" hash-for-method="flightsDetailsPageTest">flightsDetailsPageTest</a> <!-- method navigator-link -->
                      </span>
                      <br/>
                      <span>
                        <img src="skipped.png" width="3%"/>
                        <a href="#" panel-name="suite-book_flight_module" title="com.newtours.tests.BookFlightTest" class="method navigator-link" hash-for-method="registrationConfirmationPageTest">registrationConfirmationPageTest</a> <!-- method navigator-link -->
                      </span>
                      <br/>
                      <span>
                        <img src="skipped.png" width="3%"/>
                        <a href="#" panel-name="suite-book_flight_module" title="com.newtours.tests.BookFlightTest" class="method navigator-link" hash-for-method="registrationConfirmationPageTest">registrationConfirmationPageTest</a> <!-- method navigator-link -->
                      </span>
                      <br/>
                      <span>
                        <img src="skipped.png" width="3%"/>
                        <a href="#" panel-name="suite-book_flight_module" title="com.newtours.tests.BookFlightTest" class="method navigator-link" hash-for-method="registrationConfirmationPageTest">registrationConfirmationPageTest</a> <!-- method navigator-link -->
                      </span>
                      <br/>
                      <span>
                        <img src="skipped.png" width="3%"/>
                        <a href="#" panel-name="suite-book_flight_module" title="com.newtours.tests.BookFlightTest" class="method navigator-link" hash-for-method="registrationPageTest">registrationPageTest</a> <!-- method navigator-link -->
                      </span>
                      <br/>
                      <span>
                        <img src="skipped.png" width="3%"/>
                        <a href="#" panel-name="suite-book_flight_module" title="com.newtours.tests.BookFlightTest" class="method navigator-link" hash-for-method="registrationPageTest">registrationPageTest</a> <!-- method navigator-link -->
                      </span>
                      <br/>
                      <span>
                        <img src="skipped.png" width="3%"/>
                        <a href="#" panel-name="suite-book_flight_module" title="com.newtours.tests.BookFlightTest" class="method navigator-link" hash-for-method="setParams(1, $584 USD)">setParams(1, $584 USD)</a> <!-- method navigator-link -->
                      </span>
                      <br/>
                      <span>
                        <img src="skipped.png" width="3%"/>
                        <a href="#" panel-name="suite-book_flight_module" title="com.newtours.tests.BookFlightTest" class="method navigator-link" hash-for-method="setParams(2, $1169 USD)">setParams(2, $1169 USD)</a> <!-- method navigator-link -->
                      </span>
                      <br/>
                    </div> <!-- method-list-content skipped suite-book_flight_module -->
                  </li>
                  <li>
                    <span class="method-list-title passed">Passed methods</span>
                    <span class="show-or-hide-methods passed">
                      <a href="#" panel-name="suite-book_flight_module" class="hide-methods passed suite-book_flight_module"> (hide)</a> <!-- hide-methods passed suite-book_flight_module -->
                      <a href="#" panel-name="suite-book_flight_module" class="show-methods passed suite-book_flight_module"> (show)</a> <!-- show-methods passed suite-book_flight_module -->
                    </span>
                    <div class="method-list-content passed suite-book_flight_module">
                      <span>
                        <img src="passed.png" width="3%"/>
                        <a href="#" panel-name="suite-book_flight_module" title="com.newtours.tests.BookFlightTest" class="method navigator-link" hash-for-method="registrationConfirmationPageTest">registrationConfirmationPageTest</a> <!-- method navigator-link -->
                      </span>
                      <br/>
                      <span>
                        <img src="passed.png" width="3%"/>
                        <a href="#" panel-name="suite-book_flight_module" title="com.newtours.tests.BookFlightTest" class="method navigator-link" hash-for-method="registrationPageTest">registrationPageTest</a> <!-- method navigator-link -->
                      </span>
                      <br/>
                      <span>
                        <img src="passed.png" width="3%"/>
                        <a href="#" panel-name="suite-book_flight_module" title="com.newtours.tests.BookFlightTest" class="method navigator-link" hash-for-method="setParams(4, $2338 USD)">setParams(4, $2338 USD)</a> <!-- method navigator-link -->
                      </span>
                      <br/>
                      <span>
                        <img src="passed.png" width="3%"/>
                        <a href="#" panel-name="suite-book_flight_module" title="com.newtours.tests.BookFlightTest" class="method navigator-link" hash-for-method="setParams(3, $1753 USD)">setParams(3, $1753 USD)</a> <!-- method navigator-link -->
                      </span>
                      <br/>
                    </div> <!-- method-list-content passed suite-book_flight_module -->
                  </li>
                </ul>
              </div> <!-- suite-section-content -->
            </div> <!-- result-section -->
          </div> <!-- navigator-suite-content -->
        </div> <!-- rounded-window -->
      </div> <!-- suite -->
    </div> <!-- navigator-root -->
    <div class="wrapper">
      <div class="main-panel-root">
        <div panel-name="suite-book_flight_module" class="panel book_flight_module">
          <div class="suite-book_flight_module-class-failed">
            <div class="main-panel-header rounded-window-top">
              <img src="failed.png"/>
              <span class="class-name">com.newtours.tests.BookFlightTest</span>
            </div> <!-- main-panel-header rounded-window-top -->
            <div class="main-panel-content rounded-window-bottom">
              <div class="method">
                <div class="method-content">
                  <a name="flightsDetailsPageTest">
                  </a> <!-- flightsDetailsPageTest -->
                  <span class="method-name">flightsDetailsPageTest</span>
                  <div class="stack-trace">org.openqa.selenium.TimeoutException: java.util.concurrent.TimeoutException
Build info: version: &apos;4.4.0&apos;, revision: &apos;e5c75ed026a&apos;
System info: host: &apos;DESKTOP-P47CDDS&apos;, ip: &apos;192.168.99.1&apos;, os.name: &apos;Windows 10&apos;, os.arch: &apos;amd64&apos;, os.version: &apos;10.0&apos;, java.version: &apos;18.0.2&apos;
Driver info: org.openqa.selenium.remote.RemoteWebDriver
Command: [aab9ce0e9ad43840c3b0d1a441e52ae1, findElement {using=id, value=passCount}]
Capabilities {acceptInsecureCerts: false, browserName: chrome, browserVersion: 96.0.4664.93, chrome: {chromedriverVersion: 96.0.4664.45 (76e4c1bb2ab46..., userDataDir: /tmp/.com.google.Chrome.MYd2Qz}, goog:chromeOptions: {debuggerAddress: localhost:46367}, networkConnectionEnabled: false, pageLoadStrategy: normal, platformName: LINUX, proxy: Proxy(), se:cdp: ws://172.18.0.6:4444/sessio..., se:cdpVersion: 96.0.4664.93, se:vnc: ws://172.18.0.6:4444/sessio..., se:vncEnabled: true, se:vncLocalAddress: ws://172.18.0.6:7900, setWindowRect: true, strictFileInteractability: false, timeouts: {implicit: 0, pageLoad: 300000, script: 30000}, unhandledPromptBehavior: dismiss and notify, webauthn:extension:credBlob: true, webauthn:extension:largeBlob: true, webauthn:virtualAuthenticators: true}
Session ID: aab9ce0e9ad43840c3b0d1a441e52ae1
	at org.openqa.selenium.remote.http.netty.NettyHttpHandler.makeCall(NettyHttpHandler.java:65)
	at org.openqa.selenium.remote.http.AddSeleniumUserAgent.lambda$apply$0(AddSeleniumUserAgent.java:42)
	at org.openqa.selenium.remote.http.Filter.lambda$andFinally$1(Filter.java:56)
	at org.openqa.selenium.remote.http.netty.NettyHttpHandler.execute(NettyHttpHandler.java:49)
	at org.openqa.selenium.remote.http.AddSeleniumUserAgent.lambda$apply$0(AddSeleniumUserAgent.java:42)
	at org.openqa.selenium.remote.http.Filter.lambda$andFinally$1(Filter.java:56)
	at org.openqa.selenium.remote.http.netty.NettyClient.execute(NettyClient.java:98)
	at org.openqa.selenium.remote.tracing.TracedHttpClient.execute(TracedHttpClient.java:55)
	at org.openqa.selenium.remote.HttpCommandExecutor.execute(HttpCommandExecutor.java:181)
	at org.openqa.selenium.remote.TracedCommandExecutor.execute(TracedCommandExecutor.java:51)
	at org.openqa.selenium.remote.RemoteWebDriver.execute(RemoteWebDriver.java:547)
	at org.openqa.selenium.remote.ElementLocation$ElementFinder$2.findElement(ElementLocation.java:162)
	at org.openqa.selenium.remote.ElementLocation.findElement(ElementLocation.java:60)
	at org.openqa.selenium.remote.RemoteWebDriver.findElement(RemoteWebDriver.java:365)
	at org.openqa.selenium.remote.RemoteWebDriver.findElement(RemoteWebDriver.java:357)
	at org.openqa.selenium.support.pagefactory.DefaultElementLocator.findElement(DefaultElementLocator.java:70)
	at org.openqa.selenium.support.pagefactory.internal.LocatingElementHandler.invoke(LocatingElementHandler.java:39)
	at jdk.proxy2/jdk.proxy2.$Proxy14.isDisplayed(Unknown Source)
	at org.openqa.selenium.support.ui.ExpectedConditions.elementIfVisible(ExpectedConditions.java:307)
	at org.openqa.selenium.support.ui.ExpectedConditions.access$000(ExpectedConditions.java:40)
	at org.openqa.selenium.support.ui.ExpectedConditions$10.apply(ExpectedConditions.java:293)
	at org.openqa.selenium.support.ui.ExpectedConditions$10.apply(ExpectedConditions.java:290)
	at org.openqa.selenium.support.ui.ExpectedConditions$23.apply(ExpectedConditions.java:660)
	at org.openqa.selenium.support.ui.ExpectedConditions$23.apply(ExpectedConditions.java:656)
	at org.openqa.selenium.support.ui.FluentWait.until(FluentWait.java:208)
	at com.selenium.docker.FlightDetailsPage.selectPasseners(FlightDetailsPage.java:28)
	at com.newtours.tests.BookFlightTest.flightsDetailsPageTest(BookFlightTest.java:40)
	at java.base/java.util.ArrayList.forEach(ArrayList.java:1511)
	at java.base/java.util.concurrent.FutureTask.run(FutureTask.java:264)
	at java.base/java.util.concurrent.ThreadPoolExecutor.runWorker(ThreadPoolExecutor.java:1136)
	at java.base/java.util.concurrent.ThreadPoolExecutor$Worker.run(ThreadPoolExecutor.java:635)
	at java.base/java.lang.Thread.run(Thread.java:833)
Caused by: java.util.concurrent.TimeoutException
	at java.base/java.util.concurrent.CompletableFuture.timedGet(CompletableFuture.java:1960)
	at java.base/java.util.concurrent.CompletableFuture.get(CompletableFuture.java:2095)
	at org.asynchttpclient.netty.NettyResponseFuture.get(NettyResponseFuture.java:206)
	at org.openqa.selenium.remote.http.netty.NettyHttpHandler.makeCall(NettyHttpHandler.java:59)
	... 46 more
... Removed 15 stack frames
</div> <!-- stack-trace -->
                </div> <!-- method-content -->
              </div> <!-- method -->
              <div class="method">
                <div class="method-content">
                  <a name="registrationPageTest">
                  </a> <!-- registrationPageTest -->
                  <span class="method-name">registrationPageTest</span>
                  <div class="stack-trace">org.openqa.selenium.WebDriverException: unknown error: session deleted because of page crash
from unknown error: cannot determine loading status
from tab crashed
  (Session info: chrome=96.0.4664.93)
Build info: version: &apos;4.4.0&apos;, revision: &apos;e5c75ed026a&apos;
System info: host: &apos;DESKTOP-P47CDDS&apos;, ip: &apos;192.168.99.1&apos;, os.name: &apos;Windows 10&apos;, os.arch: &apos;amd64&apos;, os.version: &apos;10.0&apos;, java.version: &apos;18.0.2&apos;
Driver info: org.openqa.selenium.remote.RemoteWebDriver
Command: [5b69ed23cee26174008fc979f75ae561, findElement {using=name, value=firstName}]
Capabilities {acceptInsecureCerts: false, browserName: chrome, browserVersion: 96.0.4664.93, chrome: {chromedriverVersion: 96.0.4664.45 (76e4c1bb2ab46..., userDataDir: /tmp/.com.google.Chrome.GLQ4As}, goog:chromeOptions: {debuggerAddress: localhost:42285}, networkConnectionEnabled: false, pageLoadStrategy: normal, platformName: LINUX, proxy: Proxy(), se:cdp: ws://172.18.0.7:4444/sessio..., se:cdpVersion: 96.0.4664.93, se:vnc: ws://172.18.0.7:4444/sessio..., se:vncEnabled: true, se:vncLocalAddress: ws://172.18.0.7:7900, setWindowRect: true, strictFileInteractability: false, timeouts: {implicit: 0, pageLoad: 300000, script: 30000}, unhandledPromptBehavior: dismiss and notify, webauthn:extension:credBlob: true, webauthn:extension:largeBlob: true, webauthn:virtualAuthenticators: true}
Session ID: 5b69ed23cee26174008fc979f75ae561
	at org.openqa.selenium.remote.codec.w3c.W3CHttpResponseCodec.createException(W3CHttpResponseCodec.java:200)
	at org.openqa.selenium.remote.codec.w3c.W3CHttpResponseCodec.decode(W3CHttpResponseCodec.java:133)
	at org.openqa.selenium.remote.codec.w3c.W3CHttpResponseCodec.decode(W3CHttpResponseCodec.java:53)
	at org.openqa.selenium.remote.HttpCommandExecutor.execute(HttpCommandExecutor.java:184)
	at org.openqa.selenium.remote.TracedCommandExecutor.execute(TracedCommandExecutor.java:51)
	at org.openqa.selenium.remote.RemoteWebDriver.execute(RemoteWebDriver.java:547)
	at org.openqa.selenium.remote.ElementLocation$ElementFinder$2.findElement(ElementLocation.java:162)
	at org.openqa.selenium.remote.ElementLocation.findElement(ElementLocation.java:66)
	at org.openqa.selenium.remote.RemoteWebDriver.findElement(RemoteWebDriver.java:365)
	at org.openqa.selenium.remote.RemoteWebDriver.findElement(RemoteWebDriver.java:357)
	at org.openqa.selenium.support.pagefactory.DefaultElementLocator.findElement(DefaultElementLocator.java:70)
	at org.openqa.selenium.support.pagefactory.internal.LocatingElementHandler.invoke(LocatingElementHandler.java:39)
	at jdk.proxy2/jdk.proxy2.$Proxy14.isDisplayed(Unknown Source)
	at org.openqa.selenium.support.ui.ExpectedConditions.elementIfVisible(ExpectedConditions.java:307)
	at org.openqa.selenium.support.ui.ExpectedConditions.access$000(ExpectedConditions.java:40)
	at org.openqa.selenium.support.ui.ExpectedConditions$10.apply(ExpectedConditions.java:293)
	at org.openqa.selenium.support.ui.ExpectedConditions$10.apply(ExpectedConditions.java:290)
	at org.openqa.selenium.support.ui.FluentWait.until(FluentWait.java:208)
	at com.selenium.docker.RegistrationPage.goTo(RegistrationPage.java:56)
	at com.newtours.tests.BookFlightTest.registrationPageTest(BookFlightTest.java:25)
	at java.base/java.util.ArrayList.forEach(ArrayList.java:1511)
	at java.base/java.util.concurrent.FutureTask.run(FutureTask.java:264)
	at java.base/java.util.concurrent.ThreadPoolExecutor.runWorker(ThreadPoolExecutor.java:1136)
	at java.base/java.util.concurrent.ThreadPoolExecutor$Worker.run(ThreadPoolExecutor.java:635)
	at java.base/java.lang.Thread.run(Thread.java:833)
... Removed 18 stack frames
</div> <!-- stack-trace -->
                </div> <!-- method-content -->
              </div> <!-- method -->
            </div> <!-- main-panel-content rounded-window-bottom -->
          </div> <!-- suite-book_flight_module-class-failed -->
          <div class="suite-book_flight_module-class-skipped">
            <div class="main-panel-header rounded-window-top">
              <img src="skipped.png"/>
              <span class="class-name">com.newtours.tests.BookFlightTest</span>
            </div> <!-- main-panel-header rounded-window-top -->
            <div class="main-panel-content rounded-window-bottom">
              <div class="method">
                <div class="method-content">
                  <a name="findConfirmationPageTest">
                  </a> <!-- findConfirmationPageTest -->
                  <span class="method-name">findConfirmationPageTest</span>
                  <div class="stack-trace">java.lang.Throwable: Method com.newtours.tests.BookFlightTest.findConfirmationPageTest() on instance com.newtours.tests.BookFlightTest@21507a04 depends on not successfully finished methods 
[com.newtours.tests.BookFlightTest.findFlightsPageTest() on instance com.newtours.tests.BookFlightTest@21507a04]
	at java.base/java.util.ArrayList.forEach(ArrayList.java:1511)
	at java.base/java.util.concurrent.FutureTask.run(FutureTask.java:264)
	at java.base/java.util.concurrent.ThreadPoolExecutor.runWorker(ThreadPoolExecutor.java:1136)
	at java.base/java.util.concurrent.ThreadPoolExecutor$Worker.run(ThreadPoolExecutor.java:635)
	at java.base/java.lang.Thread.run(Thread.java:833)
... Removed 8 stack frames
</div> <!-- stack-trace -->
                </div> <!-- method-content -->
              </div> <!-- method -->
              <div class="method">
                <div class="method-content">
                  <a name="findConfirmationPageTest">
                  </a> <!-- findConfirmationPageTest -->
                  <span class="method-name">findConfirmationPageTest</span>
                  <div class="stack-trace">java.lang.Throwable: Method com.newtours.tests.BookFlightTest.findConfirmationPageTest() on instance com.newtours.tests.BookFlightTest@43ee72e6 depends on not successfully finished methods 
[com.newtours.tests.BookFlightTest.findFlightsPageTest() on instance com.newtours.tests.BookFlightTest@43ee72e6]
	at java.base/java.util.ArrayList.forEach(ArrayList.java:1511)
	at java.base/java.util.concurrent.FutureTask.run(FutureTask.java:264)
	at java.base/java.util.concurrent.ThreadPoolExecutor.runWorker(ThreadPoolExecutor.java:1136)
	at java.base/java.util.concurrent.ThreadPoolExecutor$Worker.run(ThreadPoolExecutor.java:635)
	at java.base/java.lang.Thread.run(Thread.java:833)
... Removed 8 stack frames
</div> <!-- stack-trace -->
                </div> <!-- method-content -->
              </div> <!-- method -->
              <div class="method">
                <div class="method-content">
                  <a name="findConfirmationPageTest">
                  </a> <!-- findConfirmationPageTest -->
                  <span class="method-name">findConfirmationPageTest</span>
                  <div class="stack-trace">java.lang.Throwable: Method com.newtours.tests.BookFlightTest.findConfirmationPageTest() on instance com.newtours.tests.BookFlightTest@ec756bd depends on not successfully finished methods 
[com.newtours.tests.BookFlightTest.findFlightsPageTest() on instance com.newtours.tests.BookFlightTest@ec756bd]
	at java.base/java.util.ArrayList.forEach(ArrayList.java:1511)
	at java.base/java.util.concurrent.FutureTask.run(FutureTask.java:264)
	at java.base/java.util.concurrent.ThreadPoolExecutor.runWorker(ThreadPoolExecutor.java:1136)
	at java.base/java.util.concurrent.ThreadPoolExecutor$Worker.run(ThreadPoolExecutor.java:635)
	at java.base/java.lang.Thread.run(Thread.java:833)
... Removed 8 stack frames
</div> <!-- stack-trace -->
                </div> <!-- method-content -->
              </div> <!-- method -->
              <div class="method">
                <div class="method-content">
                  <a name="findConfirmationPageTest">
                  </a> <!-- findConfirmationPageTest -->
                  <span class="method-name">findConfirmationPageTest</span>
                  <div class="stack-trace">java.lang.Throwable: Method com.newtours.tests.BookFlightTest.findConfirmationPageTest() on instance com.newtours.tests.BookFlightTest@5db250b4 depends on not successfully finished methods 
[com.newtours.tests.BookFlightTest.findFlightsPageTest() on instance com.newtours.tests.BookFlightTest@5db250b4]
	at java.base/java.util.ArrayList.forEach(ArrayList.java:1511)
	at java.base/java.util.concurrent.FutureTask.run(FutureTask.java:264)
	at java.base/java.util.concurrent.ThreadPoolExecutor.runWorker(ThreadPoolExecutor.java:1136)
	at java.base/java.util.concurrent.ThreadPoolExecutor$Worker.run(ThreadPoolExecutor.java:635)
	at java.base/java.lang.Thread.run(Thread.java:833)
... Removed 8 stack frames
</div> <!-- stack-trace -->
                </div> <!-- method-content -->
              </div> <!-- method -->
              <div class="method">
                <div class="method-content">
                  <a name="findFlightsPageTest">
                  </a> <!-- findFlightsPageTest -->
                  <span class="method-name">findFlightsPageTest</span>
                  <div class="stack-trace">java.lang.Throwable: Method com.newtours.tests.BookFlightTest.findFlightsPageTest() on instance com.newtours.tests.BookFlightTest@21507a04 depends on not successfully finished methods 
[com.newtours.tests.BookFlightTest.flightsDetailsPageTest() on instance com.newtours.tests.BookFlightTest@21507a04]
	at java.base/java.util.ArrayList.forEach(ArrayList.java:1511)
	at java.base/java.util.concurrent.FutureTask.run(FutureTask.java:264)
	at java.base/java.util.concurrent.ThreadPoolExecutor.runWorker(ThreadPoolExecutor.java:1136)
	at java.base/java.util.concurrent.ThreadPoolExecutor$Worker.run(ThreadPoolExecutor.java:635)
	at java.base/java.lang.Thread.run(Thread.java:833)
... Removed 8 stack frames
</div> <!-- stack-trace -->
                </div> <!-- method-content -->
              </div> <!-- method -->
              <div class="method">
                <div class="method-content">
                  <a name="findFlightsPageTest">
                  </a> <!-- findFlightsPageTest -->
                  <span class="method-name">findFlightsPageTest</span>
                  <div class="stack-trace">java.lang.Throwable: Method com.newtours.tests.BookFlightTest.findFlightsPageTest() on instance com.newtours.tests.BookFlightTest@43ee72e6 depends on not successfully finished methods 
[com.newtours.tests.BookFlightTest.flightsDetailsPageTest() on instance com.newtours.tests.BookFlightTest@43ee72e6]
	at java.base/java.util.ArrayList.forEach(ArrayList.java:1511)
	at java.base/java.util.concurrent.FutureTask.run(FutureTask.java:264)
	at java.base/java.util.concurrent.ThreadPoolExecutor.runWorker(ThreadPoolExecutor.java:1136)
	at java.base/java.util.concurrent.ThreadPoolExecutor$Worker.run(ThreadPoolExecutor.java:635)
	at java.base/java.lang.Thread.run(Thread.java:833)
... Removed 8 stack frames
</div> <!-- stack-trace -->
                </div> <!-- method-content -->
              </div> <!-- method -->
              <div class="method">
                <div class="method-content">
                  <a name="findFlightsPageTest">
                  </a> <!-- findFlightsPageTest -->
                  <span class="method-name">findFlightsPageTest</span>
                  <div class="stack-trace">java.lang.Throwable: Method com.newtours.tests.BookFlightTest.findFlightsPageTest() on instance com.newtours.tests.BookFlightTest@ec756bd depends on not successfully finished methods 
[com.newtours.tests.BookFlightTest.flightsDetailsPageTest() on instance com.newtours.tests.BookFlightTest@ec756bd]
	at java.base/java.util.ArrayList.forEach(ArrayList.java:1511)
	at java.base/java.util.concurrent.FutureTask.run(FutureTask.java:264)
	at java.base/java.util.concurrent.ThreadPoolExecutor.runWorker(ThreadPoolExecutor.java:1136)
	at java.base/java.util.concurrent.ThreadPoolExecutor$Worker.run(ThreadPoolExecutor.java:635)
	at java.base/java.lang.Thread.run(Thread.java:833)
... Removed 8 stack frames
</div> <!-- stack-trace -->
                </div> <!-- method-content -->
              </div> <!-- method -->
              <div class="method">
                <div class="method-content">
                  <a name="findFlightsPageTest">
                  </a> <!-- findFlightsPageTest -->
                  <span class="method-name">findFlightsPageTest</span>
                  <div class="stack-trace">java.lang.Throwable: Method com.newtours.tests.BookFlightTest.findFlightsPageTest() on instance com.newtours.tests.BookFlightTest@5db250b4 depends on not successfully finished methods 
[com.newtours.tests.BookFlightTest.flightsDetailsPageTest() on instance com.newtours.tests.BookFlightTest@5db250b4]
	at java.base/java.util.ArrayList.forEach(ArrayList.java:1511)
	at java.base/java.util.concurrent.FutureTask.run(FutureTask.java:264)
	at java.base/java.util.concurrent.ThreadPoolExecutor.runWorker(ThreadPoolExecutor.java:1136)
	at java.base/java.util.concurrent.ThreadPoolExecutor$Worker.run(ThreadPoolExecutor.java:635)
	at java.base/java.lang.Thread.run(Thread.java:833)
... Removed 8 stack frames
</div> <!-- stack-trace -->
                </div> <!-- method-content -->
              </div> <!-- method -->
              <div class="method">
                <div class="method-content">
                  <a name="flightsDetailsPageTest">
                  </a> <!-- flightsDetailsPageTest -->
                  <span class="method-name">flightsDetailsPageTest</span>
                  <div class="stack-trace">java.lang.Throwable: Method com.newtours.tests.BookFlightTest.flightsDetailsPageTest() on instance com.newtours.tests.BookFlightTest@21507a04 depends on not successfully finished methods 
[com.newtours.tests.BookFlightTest.registrationConfirmationPageTest() on instance com.newtours.tests.BookFlightTest@21507a04]
	at java.base/java.util.ArrayList.forEach(ArrayList.java:1511)
	at java.base/java.util.concurrent.FutureTask.run(FutureTask.java:264)
	at java.base/java.util.concurrent.ThreadPoolExecutor.runWorker(ThreadPoolExecutor.java:1136)
	at java.base/java.util.concurrent.ThreadPoolExecutor$Worker.run(ThreadPoolExecutor.java:635)
	at java.base/java.lang.Thread.run(Thread.java:833)
... Removed 8 stack frames
</div> <!-- stack-trace -->
                </div> <!-- method-content -->
              </div> <!-- method -->
              <div class="method">
                <div class="method-content">
                  <a name="flightsDetailsPageTest">
                  </a> <!-- flightsDetailsPageTest -->
                  <span class="method-name">flightsDetailsPageTest</span>
                  <div class="stack-trace">java.lang.Throwable: Method com.newtours.tests.BookFlightTest.flightsDetailsPageTest() on instance com.newtours.tests.BookFlightTest@43ee72e6 depends on not successfully finished methods 
[com.newtours.tests.BookFlightTest.registrationConfirmationPageTest() on instance com.newtours.tests.BookFlightTest@43ee72e6]
	at java.base/java.util.ArrayList.forEach(ArrayList.java:1511)
	at java.base/java.util.concurrent.FutureTask.run(FutureTask.java:264)
	at java.base/java.util.concurrent.ThreadPoolExecutor.runWorker(ThreadPoolExecutor.java:1136)
	at java.base/java.util.concurrent.ThreadPoolExecutor$Worker.run(ThreadPoolExecutor.java:635)
	at java.base/java.lang.Thread.run(Thread.java:833)
... Removed 8 stack frames
</div> <!-- stack-trace -->
                </div> <!-- method-content -->
              </div> <!-- method -->
              <div class="method">
                <div class="method-content">
                  <a name="flightsDetailsPageTest">
                  </a> <!-- flightsDetailsPageTest -->
                  <span class="method-name">flightsDetailsPageTest</span>
                  <div class="stack-trace">java.lang.Throwable: Method com.newtours.tests.BookFlightTest.flightsDetailsPageTest() on instance com.newtours.tests.BookFlightTest@5db250b4 depends on not successfully finished methods 
[com.newtours.tests.BookFlightTest.registrationConfirmationPageTest() on instance com.newtours.tests.BookFlightTest@5db250b4]
	at java.base/java.util.ArrayList.forEach(ArrayList.java:1511)
	at java.base/java.util.concurrent.FutureTask.run(FutureTask.java:264)
	at java.base/java.util.concurrent.ThreadPoolExecutor.runWorker(ThreadPoolExecutor.java:1136)
	at java.base/java.util.concurrent.ThreadPoolExecutor$Worker.run(ThreadPoolExecutor.java:635)
	at java.base/java.lang.Thread.run(Thread.java:833)
... Removed 8 stack frames
</div> <!-- stack-trace -->
                </div> <!-- method-content -->
              </div> <!-- method -->
              <div class="method">
                <div class="method-content">
                  <a name="registrationConfirmationPageTest">
                  </a> <!-- registrationConfirmationPageTest -->
                  <span class="method-name">registrationConfirmationPageTest</span>
                  <div class="stack-trace">java.lang.Throwable: Method com.newtours.tests.BookFlightTest.registrationConfirmationPageTest() on instance com.newtours.tests.BookFlightTest@21507a04 depends on not successfully finished methods 
[com.newtours.tests.BookFlightTest.registrationPageTest() on instance com.newtours.tests.BookFlightTest@21507a04]
	at java.base/java.util.ArrayList.forEach(ArrayList.java:1511)
	at java.base/java.util.concurrent.FutureTask.run(FutureTask.java:264)
	at java.base/java.util.concurrent.ThreadPoolExecutor.runWorker(ThreadPoolExecutor.java:1136)
	at java.base/java.util.concurrent.ThreadPoolExecutor$Worker.run(ThreadPoolExecutor.java:635)
	at java.base/java.lang.Thread.run(Thread.java:833)
... Removed 8 stack frames
</div> <!-- stack-trace -->
                </div> <!-- method-content -->
              </div> <!-- method -->
              <div class="method">
                <div class="method-content">
                  <a name="registrationConfirmationPageTest">
                  </a> <!-- registrationConfirmationPageTest -->
                  <span class="method-name">registrationConfirmationPageTest</span>
                  <div class="stack-trace">java.lang.Throwable: Method com.newtours.tests.BookFlightTest.registrationConfirmationPageTest() on instance com.newtours.tests.BookFlightTest@43ee72e6 depends on not successfully finished methods 
[com.newtours.tests.BookFlightTest.registrationPageTest() on instance com.newtours.tests.BookFlightTest@43ee72e6]
	at java.base/java.util.ArrayList.forEach(ArrayList.java:1511)
	at java.base/java.util.concurrent.FutureTask.run(FutureTask.java:264)
	at java.base/java.util.concurrent.ThreadPoolExecutor.runWorker(ThreadPoolExecutor.java:1136)
	at java.base/java.util.concurrent.ThreadPoolExecutor$Worker.run(ThreadPoolExecutor.java:635)
	at java.base/java.lang.Thread.run(Thread.java:833)
... Removed 8 stack frames
</div> <!-- stack-trace -->
                </div> <!-- method-content -->
              </div> <!-- method -->
              <div class="method">
                <div class="method-content">
                  <a name="registrationConfirmationPageTest">
                  </a> <!-- registrationConfirmationPageTest -->
                  <span class="method-name">registrationConfirmationPageTest</span>
                  <div class="stack-trace">java.lang.Throwable: Method com.newtours.tests.BookFlightTest.registrationConfirmationPageTest() on instance com.newtours.tests.BookFlightTest@5db250b4 depends on not successfully finished methods 
[com.newtours.tests.BookFlightTest.registrationPageTest() on instance com.newtours.tests.BookFlightTest@5db250b4]
	at java.base/java.util.ArrayList.forEach(ArrayList.java:1511)
	at java.base/java.util.concurrent.FutureTask.run(FutureTask.java:264)
	at java.base/java.util.concurrent.ThreadPoolExecutor.runWorker(ThreadPoolExecutor.java:1136)
	at java.base/java.util.concurrent.ThreadPoolExecutor$Worker.run(ThreadPoolExecutor.java:635)
	at java.base/java.lang.Thread.run(Thread.java:833)
... Removed 8 stack frames
</div> <!-- stack-trace -->
                </div> <!-- method-content -->
              </div> <!-- method -->
              <div class="method">
                <div class="method-content">
                  <a name="registrationPageTest">
                  </a> <!-- registrationPageTest -->
                  <span class="method-name">registrationPageTest</span>
                  <div class="stack-trace">java.lang.Throwable: Method com.newtours.tests.BookFlightTest.registrationPageTest() on instance com.newtours.tests.BookFlightTest@21507a04 depends on not successfully finished methods 
[com.newtours.tests.BookFlightTest.setParams() on instance com.newtours.tests.BookFlightTest@21507a04]
	at java.base/java.util.ArrayList.forEach(ArrayList.java:1511)
	at java.base/java.util.concurrent.FutureTask.run(FutureTask.java:264)
	at java.base/java.util.concurrent.ThreadPoolExecutor.runWorker(ThreadPoolExecutor.java:1136)
	at java.base/java.util.concurrent.ThreadPoolExecutor$Worker.run(ThreadPoolExecutor.java:635)
	at java.base/java.lang.Thread.run(Thread.java:833)
... Removed 8 stack frames
</div> <!-- stack-trace -->
                </div> <!-- method-content -->
              </div> <!-- method -->
              <div class="method">
                <div class="method-content">
                  <a name="registrationPageTest">
                  </a> <!-- registrationPageTest -->
                  <span class="method-name">registrationPageTest</span>
                  <div class="stack-trace">java.lang.Throwable: Method com.newtours.tests.BookFlightTest.registrationPageTest() on instance com.newtours.tests.BookFlightTest@43ee72e6 depends on not successfully finished methods 
[com.newtours.tests.BookFlightTest.setParams() on instance com.newtours.tests.BookFlightTest@43ee72e6]
	at java.base/java.util.ArrayList.forEach(ArrayList.java:1511)
	at java.base/java.util.concurrent.FutureTask.run(FutureTask.java:264)
	at java.base/java.util.concurrent.ThreadPoolExecutor.runWorker(ThreadPoolExecutor.java:1136)
	at java.base/java.util.concurrent.ThreadPoolExecutor$Worker.run(ThreadPoolExecutor.java:635)
	at java.base/java.lang.Thread.run(Thread.java:833)
... Removed 8 stack frames
</div> <!-- stack-trace -->
                </div> <!-- method-content -->
              </div> <!-- method -->
              <div class="method">
                <div class="method-content">
                  <a name="setParams(1, $584 USD)">
                  </a> <!-- setParams(1, $584 USD) -->
                  <span class="method-name">setParams</span>
                  <span class="parameters">(1,$584 USD)</span>
                  <div class="stack-trace">org.openqa.selenium.SessionNotCreatedException: Could not start a new session. Possible causes are invalid address of the remote server or browser start-up failure.
Build info: version: &apos;4.4.0&apos;, revision: &apos;e5c75ed026a&apos;
System info: host: &apos;DESKTOP-P47CDDS&apos;, ip: &apos;192.168.99.1&apos;, os.name: &apos;Windows 10&apos;, os.arch: &apos;amd64&apos;, os.version: &apos;10.0&apos;, java.version: &apos;18.0.2&apos;
Driver info: org.openqa.selenium.remote.RemoteWebDriver
Command: [null, newSession {capabilities=[Capabilities {browserName: chrome, goog:chromeOptions: {args: [], extensions: []}, name: book-flight-1}], desiredCapabilities=Capabilities {browserName: chrome, goog:chromeOptions: {args: [], extensions: []}, name: book-flight-1}}]
Capabilities {}
	at org.openqa.selenium.remote.RemoteWebDriver.execute(RemoteWebDriver.java:565)
	at org.openqa.selenium.remote.RemoteWebDriver.startSession(RemoteWebDriver.java:242)
	at org.openqa.selenium.remote.RemoteWebDriver.&lt;init&gt;(RemoteWebDriver.java:157)
	at org.openqa.selenium.remote.RemoteWebDriver.&lt;init&gt;(RemoteWebDriver.java:139)
	at com.tests.BaseTest.setupDriver(BaseTest.java:39)
	at java.base/java.util.concurrent.FutureTask.run(FutureTask.java:264)
	at java.base/java.util.concurrent.ThreadPoolExecutor.runWorker(ThreadPoolExecutor.java:1136)
	at java.base/java.util.concurrent.ThreadPoolExecutor$Worker.run(ThreadPoolExecutor.java:635)
	at java.base/java.lang.Thread.run(Thread.java:833)
Caused by: java.lang.RuntimeException: NettyHttpHandler request execution error
	at org.openqa.selenium.remote.http.netty.NettyHttpHandler.makeCall(NettyHttpHandler.java:76)
	at org.openqa.selenium.remote.http.AddSeleniumUserAgent.lambda$apply$0(AddSeleniumUserAgent.java:42)
	at org.openqa.selenium.remote.http.Filter.lambda$andFinally$1(Filter.java:56)
	at org.openqa.selenium.remote.http.netty.NettyHttpHandler.execute(NettyHttpHandler.java:49)
	at org.openqa.selenium.remote.http.AddSeleniumUserAgent.lambda$apply$0(AddSeleniumUserAgent.java:42)
	at org.openqa.selenium.remote.http.Filter.lambda$andFinally$1(Filter.java:56)
	at org.openqa.selenium.remote.http.netty.NettyClient.execute(NettyClient.java:98)
	at org.openqa.selenium.remote.tracing.TracedHttpClient.execute(TracedHttpClient.java:55)
	at org.openqa.selenium.remote.ProtocolHandshake.createSession(ProtocolHandshake.java:120)
	at org.openqa.selenium.remote.ProtocolHandshake.createSession(ProtocolHandshake.java:102)
	at org.openqa.selenium.remote.ProtocolHandshake.createSession(ProtocolHandshake.java:67)
	at org.openqa.selenium.remote.HttpCommandExecutor.execute(HttpCommandExecutor.java:156)
	at org.openqa.selenium.remote.TracedCommandExecutor.execute(TracedCommandExecutor.java:51)
	at org.openqa.selenium.remote.RemoteWebDriver.execute(RemoteWebDriver.java:547)
	... 20 more
Caused by: java.util.concurrent.ExecutionException: java.util.concurrent.TimeoutException: Request timeout to 192.168.99.100/192.168.99.100:4444 after 180000 ms
	at java.base/java.util.concurrent.CompletableFuture.reportGet(CompletableFuture.java:396)
	at java.base/java.util.concurrent.CompletableFuture.get(CompletableFuture.java:2096)
	at org.asynchttpclient.netty.NettyResponseFuture.get(NettyResponseFuture.java:206)
	at org.openqa.selenium.remote.http.netty.NettyHttpHandler.makeCall(NettyHttpHandler.java:59)
	... 33 more
Caused by: java.util.concurrent.TimeoutException: Request timeout to 192.168.99.100/192.168.99.100:4444 after 180000 ms
	at org.asynchttpclient.netty.timeout.TimeoutTimerTask.expire(TimeoutTimerTask.java:43)
	at org.asynchttpclient.netty.timeout.RequestTimeoutTimerTask.run(RequestTimeoutTimerTask.java:50)
	at io.netty.util.HashedWheelTimer$HashedWheelTimeout.run(HashedWheelTimer.java:715)
	at io.netty.util.concurrent.ImmediateExecutor.execute(ImmediateExecutor.java:34)
	at io.netty.util.HashedWheelTimer$HashedWheelTimeout.expire(HashedWheelTimer.java:703)
	at io.netty.util.HashedWheelTimer$HashedWheelBucket.expireTimeouts(HashedWheelTimer.java:790)
	at io.netty.util.HashedWheelTimer$Worker.run(HashedWheelTimer.java:503)
	at io.netty.util.concurrent.FastThreadLocalRunnable.run(FastThreadLocalRunnable.java:30)
	... 1 more
... Removed 12 stack frames
</div> <!-- stack-trace -->
                </div> <!-- method-content -->
              </div> <!-- method -->
              <div class="method">
                <div class="method-content">
                  <a name="setParams(2, $1169 USD)">
                  </a> <!-- setParams(2, $1169 USD) -->
                  <span class="method-name">setParams</span>
                  <span class="parameters">(2,$1169 USD)</span>
                  <div class="stack-trace">org.openqa.selenium.SessionNotCreatedException: Could not start a new session. Possible causes are invalid address of the remote server or browser start-up failure.
Build info: version: &apos;4.4.0&apos;, revision: &apos;e5c75ed026a&apos;
System info: host: &apos;DESKTOP-P47CDDS&apos;, ip: &apos;192.168.99.1&apos;, os.name: &apos;Windows 10&apos;, os.arch: &apos;amd64&apos;, os.version: &apos;10.0&apos;, java.version: &apos;18.0.2&apos;
Driver info: org.openqa.selenium.remote.RemoteWebDriver
Command: [null, newSession {capabilities=[Capabilities {browserName: chrome, goog:chromeOptions: {args: [], extensions: []}, name: book-flight-2}], desiredCapabilities=Capabilities {browserName: chrome, goog:chromeOptions: {args: [], extensions: []}, name: book-flight-2}}]
Capabilities {}
	at org.openqa.selenium.remote.RemoteWebDriver.execute(RemoteWebDriver.java:565)
	at org.openqa.selenium.remote.RemoteWebDriver.startSession(RemoteWebDriver.java:242)
	at org.openqa.selenium.remote.RemoteWebDriver.&lt;init&gt;(RemoteWebDriver.java:157)
	at org.openqa.selenium.remote.RemoteWebDriver.&lt;init&gt;(RemoteWebDriver.java:139)
	at com.tests.BaseTest.setupDriver(BaseTest.java:39)
	at java.base/java.util.concurrent.FutureTask.run(FutureTask.java:264)
	at java.base/java.util.concurrent.ThreadPoolExecutor.runWorker(ThreadPoolExecutor.java:1136)
	at java.base/java.util.concurrent.ThreadPoolExecutor$Worker.run(ThreadPoolExecutor.java:635)
	at java.base/java.lang.Thread.run(Thread.java:833)
Caused by: java.lang.RuntimeException: NettyHttpHandler request execution error
	at org.openqa.selenium.remote.http.netty.NettyHttpHandler.makeCall(NettyHttpHandler.java:76)
	at org.openqa.selenium.remote.http.AddSeleniumUserAgent.lambda$apply$0(AddSeleniumUserAgent.java:42)
	at org.openqa.selenium.remote.http.Filter.lambda$andFinally$1(Filter.java:56)
	at org.openqa.selenium.remote.http.netty.NettyHttpHandler.execute(NettyHttpHandler.java:49)
	at org.openqa.selenium.remote.http.AddSeleniumUserAgent.lambda$apply$0(AddSeleniumUserAgent.java:42)
	at org.openqa.selenium.remote.http.Filter.lambda$andFinally$1(Filter.java:56)
	at org.openqa.selenium.remote.http.netty.NettyClient.execute(NettyClient.java:98)
	at org.openqa.selenium.remote.tracing.TracedHttpClient.execute(TracedHttpClient.java:55)
	at org.openqa.selenium.remote.ProtocolHandshake.createSession(ProtocolHandshake.java:120)
	at org.openqa.selenium.remote.ProtocolHandshake.createSession(ProtocolHandshake.java:102)
	at org.openqa.selenium.remote.ProtocolHandshake.createSession(ProtocolHandshake.java:67)
	at org.openqa.selenium.remote.HttpCommandExecutor.execute(HttpCommandExecutor.java:156)
	at org.openqa.selenium.remote.TracedCommandExecutor.execute(TracedCommandExecutor.java:51)
	at org.openqa.selenium.remote.RemoteWebDriver.execute(RemoteWebDriver.java:547)
	... 20 more
Caused by: java.util.concurrent.ExecutionException: java.util.concurrent.TimeoutException: Request timeout to 192.168.99.100/192.168.99.100:4444 after 180000 ms
	at java.base/java.util.concurrent.CompletableFuture.reportGet(CompletableFuture.java:396)
	at java.base/java.util.concurrent.CompletableFuture.get(CompletableFuture.java:2096)
	at org.asynchttpclient.netty.NettyResponseFuture.get(NettyResponseFuture.java:206)
	at org.openqa.selenium.remote.http.netty.NettyHttpHandler.makeCall(NettyHttpHandler.java:59)
	... 33 more
Caused by: java.util.concurrent.TimeoutException: Request timeout to 192.168.99.100/192.168.99.100:4444 after 180000 ms
	at org.asynchttpclient.netty.timeout.TimeoutTimerTask.expire(TimeoutTimerTask.java:43)
	at org.asynchttpclient.netty.timeout.RequestTimeoutTimerTask.run(RequestTimeoutTimerTask.java:50)
	at io.netty.util.HashedWheelTimer$HashedWheelTimeout.run(HashedWheelTimer.java:715)
	at io.netty.util.concurrent.ImmediateExecutor.execute(ImmediateExecutor.java:34)
	at io.netty.util.HashedWheelTimer$HashedWheelTimeout.expire(HashedWheelTimer.java:703)
	at io.netty.util.HashedWheelTimer$HashedWheelBucket.expireTimeouts(HashedWheelTimer.java:790)
	at io.netty.util.HashedWheelTimer$Worker.run(HashedWheelTimer.java:503)
	at io.netty.util.concurrent.FastThreadLocalRunnable.run(FastThreadLocalRunnable.java:30)
	... 1 more
... Removed 12 stack frames
</div> <!-- stack-trace -->
                </div> <!-- method-content -->
              </div> <!-- method -->
            </div> <!-- main-panel-content rounded-window-bottom -->
          </div> <!-- suite-book_flight_module-class-skipped -->
          <div class="suite-book_flight_module-class-passed">
            <div class="main-panel-header rounded-window-top">
              <img src="passed.png"/>
              <span class="class-name">com.newtours.tests.BookFlightTest</span>
            </div> <!-- main-panel-header rounded-window-top -->
            <div class="main-panel-content rounded-window-bottom">
              <div class="method">
                <div class="method-content">
                  <a name="registrationConfirmationPageTest">
                  </a> <!-- registrationConfirmationPageTest -->
                  <span class="method-name">registrationConfirmationPageTest</span>
                </div> <!-- method-content -->
              </div> <!-- method -->
              <div class="method">
                <div class="method-content">
                  <a name="registrationPageTest">
                  </a> <!-- registrationPageTest -->
                  <span class="method-name">registrationPageTest</span>
                </div> <!-- method-content -->
              </div> <!-- method -->
              <div class="method">
                <div class="method-content">
                  <a name="setParams(4, $2338 USD)">
                  </a> <!-- setParams(4, $2338 USD) -->
                  <span class="method-name">setParams</span>
                  <span class="parameters">(4,$2338 USD)</span>
                </div> <!-- method-content -->
              </div> <!-- method -->
              <div class="method">
                <div class="method-content">
                  <a name="setParams(3, $1753 USD)">
                  </a> <!-- setParams(3, $1753 USD) -->
                  <span class="method-name">setParams</span>
                  <span class="parameters">(3,$1753 USD)</span>
                </div> <!-- method-content -->
              </div> <!-- method -->
            </div> <!-- main-panel-content rounded-window-bottom -->
          </div> <!-- suite-book_flight_module-class-passed -->
        </div> <!-- panel book_flight_module -->
        <div panel-name="test-xml-book_flight_module" class="panel">
          <div class="main-panel-header rounded-window-top">
            <span class="header-content">D:\SeleniumDockerFramework\seleniumdocker\book-flight.module.xml</span>
          </div> <!-- main-panel-header rounded-window-top -->
          <div class="main-panel-content rounded-window-bottom">
            <pre>
&lt;?xml version=&quot;1.0&quot; encoding=&quot;UTF-8&quot;?&gt;
&lt;!DOCTYPE suite SYSTEM &quot;https://testng.org/testng-1.0.dtd&quot;&gt;
&lt;suite parallel=&quot;tests&quot; name=&quot;book-flight-module&quot;&gt;
  &lt;test thread-count=&quot;5&quot; parallel=&quot;tests&quot; name=&quot;book-flight-1&quot;&gt;
    &lt;parameter name=&quot;expectedPrice&quot; value=&quot;$584 USD&quot;/&gt;
    &lt;parameter name=&quot;numberOfPassengers&quot; value=&quot;1&quot;/&gt;
    &lt;classes&gt;
      &lt;class name=&quot;com.newtours.tests.BookFlightTest&quot;/&gt;
    &lt;/classes&gt;
  &lt;/test&gt; &lt;!-- book-flight-1 --&gt;
  &lt;test thread-count=&quot;5&quot; parallel=&quot;tests&quot; name=&quot;book-flight-2&quot;&gt;
    &lt;parameter name=&quot;expectedPrice&quot; value=&quot;$1169 USD&quot;/&gt;
    &lt;parameter name=&quot;numberOfPassengers&quot; value=&quot;2&quot;/&gt;
    &lt;classes&gt;
      &lt;class name=&quot;com.newtours.tests.BookFlightTest&quot;/&gt;
    &lt;/classes&gt;
  &lt;/test&gt; &lt;!-- book-flight-2 --&gt;
  &lt;test thread-count=&quot;5&quot; parallel=&quot;tests&quot; name=&quot;book-flight-3&quot;&gt;
    &lt;parameter name=&quot;expectedPrice&quot; value=&quot;$1753 USD&quot;/&gt;
    &lt;parameter name=&quot;numberOfPassengers&quot; value=&quot;3&quot;/&gt;
    &lt;classes&gt;
      &lt;class name=&quot;com.newtours.tests.BookFlightTest&quot;/&gt;
    &lt;/classes&gt;
  &lt;/test&gt; &lt;!-- book-flight-3 --&gt;
  &lt;test thread-count=&quot;5&quot; parallel=&quot;tests&quot; name=&quot;book-flight-4&quot;&gt;
    &lt;parameter name=&quot;expectedPrice&quot; value=&quot;$2338 USD&quot;/&gt;
    &lt;parameter name=&quot;numberOfPassengers&quot; value=&quot;4&quot;/&gt;
    &lt;classes&gt;
      &lt;class name=&quot;com.newtours.tests.BookFlightTest&quot;/&gt;
    &lt;/classes&gt;
  &lt;/test&gt; &lt;!-- book-flight-4 --&gt;
&lt;/suite&gt; &lt;!-- book-flight-module --&gt;
            </pre>
          </div> <!-- main-panel-content rounded-window-bottom -->
        </div> <!-- panel -->
        <div panel-name="testlist-book_flight_module" class="panel">
          <div class="main-panel-header rounded-window-top">
            <span class="header-content">Tests for book-flight-module</span>
          </div> <!-- main-panel-header rounded-window-top -->
          <div class="main-panel-content rounded-window-bottom">
            <ul>
              <li>
                <span class="test-name">book-flight-1 (1 class)</span>
              </li>
              <li>
                <span class="test-name">book-flight-2 (1 class)</span>
              </li>
              <li>
                <span class="test-name">book-flight-3 (1 class)</span>
              </li>
              <li>
                <span class="test-name">book-flight-4 (1 class)</span>
              </li>
            </ul>
          </div> <!-- main-panel-content rounded-window-bottom -->
        </div> <!-- panel -->
        <div panel-name="group-book_flight_module" class="panel">
          <div class="main-panel-header rounded-window-top">
            <span class="header-content">Groups for book-flight-module</span>
          </div> <!-- main-panel-header rounded-window-top -->
          <div class="main-panel-content rounded-window-bottom">
          </div> <!-- main-panel-content rounded-window-bottom -->
        </div> <!-- panel -->
        <div panel-name="times-book_flight_module" class="panel">
          <div class="main-panel-header rounded-window-top">
            <span class="header-content">Times for book-flight-module</span>
          </div> <!-- main-panel-header rounded-window-top -->
          <div class="main-panel-content rounded-window-bottom">
            <div class="times-div">
              <script type="text/javascript">
suiteTableInitFunctions.push('tableData_book_flight_module');
function tableData_book_flight_module() {
var data = new google.visualization.DataTable();
data.addColumn('number', 'Number');
data.addColumn('string', 'Method');
data.addColumn('string', 'Class');
data.addColumn('number', 'Time (ms)');
data.addRows(24);
data.setCell(0, 0, 0)
data.setCell(0, 1, 'flightsDetailsPageTest')
data.setCell(0, 2, 'com.newtours.tests.BookFlightTest')
data.setCell(0, 3, 180022);
data.setCell(1, 0, 1)
data.setCell(1, 1, 'registrationPageTest')
data.setCell(1, 2, 'com.newtours.tests.BookFlightTest')
data.setCell(1, 3, 157258);
data.setCell(2, 0, 2)
data.setCell(2, 1, 'registrationPageTest')
data.setCell(2, 2, 'com.newtours.tests.BookFlightTest')
data.setCell(2, 3, 12393);
data.setCell(3, 0, 3)
data.setCell(3, 1, 'registrationConfirmationPageTest')
data.setCell(3, 2, 'com.newtours.tests.BookFlightTest')
data.setCell(3, 3, 10347);
data.setCell(4, 0, 4)
data.setCell(4, 1, 'registrationPageTest')
data.setCell(4, 2, 'com.newtours.tests.BookFlightTest')
data.setCell(4, 3, 2);
data.setCell(5, 0, 5)
data.setCell(5, 1, 'flightsDetailsPageTest')
data.setCell(5, 2, 'com.newtours.tests.BookFlightTest')
data.setCell(5, 3, 1);
data.setCell(6, 0, 6)
data.setCell(6, 1, 'registrationConfirmationPageTest')
data.setCell(6, 2, 'com.newtours.tests.BookFlightTest')
data.setCell(6, 3, 1);
data.setCell(7, 0, 7)
data.setCell(7, 1, 'flightsDetailsPageTest')
data.setCell(7, 2, 'com.newtours.tests.BookFlightTest')
data.setCell(7, 3, 1);
data.setCell(8, 0, 8)
data.setCell(8, 1, 'setParams')
data.setCell(8, 2, 'com.newtours.tests.BookFlightTest')
data.setCell(8, 3, 1);
data.setCell(9, 0, 9)
data.setCell(9, 1, 'registrationConfirmationPageTest')
data.setCell(9, 2, 'com.newtours.tests.BookFlightTest')
data.setCell(9, 3, 0);
data.setCell(10, 0, 10)
data.setCell(10, 1, 'setParams')
data.setCell(10, 2, 'com.newtours.tests.BookFlightTest')
data.setCell(10, 3, 0);
data.setCell(11, 0, 11)
data.setCell(11, 1, 'findFlightsPageTest')
data.setCell(11, 2, 'com.newtours.tests.BookFlightTest')
data.setCell(11, 3, 0);
data.setCell(12, 0, 12)
data.setCell(12, 1, 'findConfirmationPageTest')
data.setCell(12, 2, 'com.newtours.tests.BookFlightTest')
data.setCell(12, 3, 0);
data.setCell(13, 0, 13)
data.setCell(13, 1, 'setParams')
data.setCell(13, 2, 'com.newtours.tests.BookFlightTest')
data.setCell(13, 3, 0);
data.setCell(14, 0, 14)
data.setCell(14, 1, 'findConfirmationPageTest')
data.setCell(14, 2, 'com.newtours.tests.BookFlightTest')
data.setCell(14, 3, 0);
data.setCell(15, 0, 15)
data.setCell(15, 1, 'findFlightsPageTest')
data.setCell(15, 2, 'com.newtours.tests.BookFlightTest')
data.setCell(15, 3, 0);
data.setCell(16, 0, 16)
data.setCell(16, 1, 'registrationPageTest')
data.setCell(16, 2, 'com.newtours.tests.BookFlightTest')
data.setCell(16, 3, 0);
data.setCell(17, 0, 17)
data.setCell(17, 1, 'findFlightsPageTest')
data.setCell(17, 2, 'com.newtours.tests.BookFlightTest')
data.setCell(17, 3, 0);
data.setCell(18, 0, 18)
data.setCell(18, 1, 'findConfirmationPageTest')
data.setCell(18, 2, 'com.newtours.tests.BookFlightTest')
data.setCell(18, 3, 0);
data.setCell(19, 0, 19)
data.setCell(19, 1, 'setParams')
data.setCell(19, 2, 'com.newtours.tests.BookFlightTest')
data.setCell(19, 3, 0);
data.setCell(20, 0, 20)
data.setCell(20, 1, 'registrationConfirmationPageTest')
data.setCell(20, 2, 'com.newtours.tests.BookFlightTest')
data.setCell(20, 3, 0);
data.setCell(21, 0, 21)
data.setCell(21, 1, 'findFlightsPageTest')
data.setCell(21, 2, 'com.newtours.tests.BookFlightTest')
data.setCell(21, 3, 0);
data.setCell(22, 0, 22)
data.setCell(22, 1, 'flightsDetailsPageTest')
data.setCell(22, 2, 'com.newtours.tests.BookFlightTest')
data.setCell(22, 3, 0);
data.setCell(23, 0, 23)
data.setCell(23, 1, 'findConfirmationPageTest')
data.setCell(23, 2, 'com.newtours.tests.BookFlightTest')
data.setCell(23, 3, 0);
window.suiteTableData['book_flight_module']= { tableData: data, tableDiv: 'times-div-book_flight_module'}
return data;
}
              </script>
              <span class="suite-total-time">Total running time: 4 minutes</span>
              <div id="times-div-book_flight_module">
              </div> <!-- times-div-book_flight_module -->
            </div> <!-- times-div -->
          </div> <!-- main-panel-content rounded-window-bottom -->
        </div> <!-- panel -->
        <div panel-name="reporter-book_flight_module" class="panel">
          <div class="main-panel-header rounded-window-top">
            <span class="header-content">Reporter output for book-flight-module</span>
          </div> <!-- main-panel-header rounded-window-top -->
          <div class="main-panel-content rounded-window-bottom">
          </div> <!-- main-panel-content rounded-window-bottom -->
        </div> <!-- panel -->
        <div panel-name="ignored-methods-book_flight_module" class="panel">
          <div class="main-panel-header rounded-window-top">
            <span class="header-content">0 ignored methods</span>
          </div> <!-- main-panel-header rounded-window-top -->
          <div class="main-panel-content rounded-window-bottom">
          </div> <!-- main-panel-content rounded-window-bottom -->
        </div> <!-- panel -->
        <div panel-name="chronological-book_flight_module" class="panel">
          <div class="main-panel-header rounded-window-top">
            <span class="header-content">Methods in chronological order</span>
          </div> <!-- main-panel-header rounded-window-top -->
          <div class="main-panel-content rounded-window-bottom">
            <div class="chronological-class">
              <div class="chronological-class-name">com.newtours.tests.BookFlightTest</div> <!-- chronological-class-name -->
              <div class="configuration-test before">
                <img src="failed.png">
                </img>
                <span class="method-name">setupDriver(org.testng.TestRunner@33066dcb)</span>
                <span class="method-start">0 ms</span>
              </div> <!-- configuration-test before -->
              <div class="configuration-test before">
                <span class="method-name">setupDriver(org.testng.TestRunner@5bd03f44)</span>
                <span class="method-start">0 ms</span>
              </div> <!-- configuration-test before -->
              <div class="configuration-test before">
                <img src="failed.png">
                </img>
                <span class="method-name">setupDriver(org.testng.TestRunner@23872357)</span>
                <span class="method-start">1 ms</span>
              </div> <!-- configuration-test before -->
              <div class="configuration-test before">
                <span class="method-name">setupDriver(org.testng.TestRunner@29626d54)</span>
                <span class="method-start">1 ms</span>
              </div> <!-- configuration-test before -->
              <div class="test-method">
                <span class="method-name">setParams(4, $2338 USD)</span>
                <span class="method-start">35080 ms</span>
              </div> <!-- test-method -->
              <div class="test-method">
                <span class="method-name">registrationPageTest</span>
                <span class="method-start">35085 ms</span>
              </div> <!-- test-method -->
              <div class="test-method">
                <span class="method-name">registrationConfirmationPageTest</span>
                <span class="method-start">47479 ms</span>
              </div> <!-- test-method -->
              <div class="test-method">
                <img src="failed.png">
                </img>
                <span class="method-name">flightsDetailsPageTest</span>
                <span class="method-start">57827 ms</span>
              </div> <!-- test-method -->
              <div class="test-method">
                <span class="method-name">setParams(3, $1753 USD)</span>
                <span class="method-start">94864 ms</span>
              </div> <!-- test-method -->
              <div class="test-method">
                <img src="failed.png">
                </img>
                <span class="method-name">registrationPageTest</span>
                <span class="method-start">94864 ms</span>
              </div> <!-- test-method -->
              <div class="test-method">
                <span class="method-name">setParams(1, $584 USD)</span>
                <span class="method-start">181203 ms</span>
              </div> <!-- test-method -->
              <div class="test-method">
                <span class="method-name">setParams(2, $1169 USD)</span>
                <span class="method-start">181203 ms</span>
              </div> <!-- test-method -->
              <div class="test-method">
                <span class="method-name">registrationPageTest</span>
                <span class="method-start">181205 ms</span>
              </div> <!-- test-method -->
              <div class="test-method">
                <span class="method-name">registrationPageTest</span>
                <span class="method-start">181205 ms</span>
              </div> <!-- test-method -->
              <div class="test-method">
                <span class="method-name">registrationConfirmationPageTest</span>
                <span class="method-start">181207 ms</span>
              </div> <!-- test-method -->
              <div class="test-method">
                <span class="method-name">registrationConfirmationPageTest</span>
                <span class="method-start">181207 ms</span>
              </div> <!-- test-method -->
              <div class="test-method">
                <span class="method-name">flightsDetailsPageTest</span>
                <span class="method-start">181208 ms</span>
              </div> <!-- test-method -->
              <div class="test-method">
                <span class="method-name">findFlightsPageTest</span>
                <span class="method-start">181209 ms</span>
              </div> <!-- test-method -->
              <div class="test-method">
                <span class="method-name">findConfirmationPageTest</span>
                <span class="method-start">181210 ms</span>
              </div> <!-- test-method -->
              <div class="configuration-test after">
                <span class="method-name">quitDriver</span>
                <span class="method-start">181211 ms</span>
              </div> <!-- configuration-test after -->
              <div class="test-method">
                <span class="method-name">flightsDetailsPageTest</span>
                <span class="method-start">181216 ms</span>
              </div> <!-- test-method -->
              <div class="test-method">
                <span class="method-name">findFlightsPageTest</span>
                <span class="method-start">181219 ms</span>
              </div> <!-- test-method -->
              <div class="configuration-test after">
                <span class="method-name">quitDriver</span>
                <span class="method-start">181221 ms</span>
              </div> <!-- configuration-test after -->
              <div class="test-method">
                <span class="method-name">findConfirmationPageTest</span>
                <span class="method-start">181221 ms</span>
              </div> <!-- test-method -->
              <div class="test-method">
                <span class="method-name">findFlightsPageTest</span>
                <span class="method-start">237852 ms</span>
              </div> <!-- test-method -->
              <div class="configuration-test after">
                <span class="method-name">quitDriver</span>
                <span class="method-start">237853 ms</span>
              </div> <!-- configuration-test after -->
              <div class="test-method">
                <span class="method-name">findConfirmationPageTest</span>
                <span class="method-start">237853 ms</span>
              </div> <!-- test-method -->
              <div class="test-method">
                <span class="method-name">registrationConfirmationPageTest</span>
                <span class="method-start">252123 ms</span>
              </div> <!-- test-method -->
              <div class="test-method">
                <span class="method-name">findFlightsPageTest</span>
                <span class="method-start">252124 ms</span>
              </div> <!-- test-method -->
              <div class="test-method">
                <span class="method-name">flightsDetailsPageTest</span>
                <span class="method-start">252124 ms</span>
              </div> <!-- test-method -->
              <div class="test-method">
                <span class="method-name">findConfirmationPageTest</span>
                <span class="method-start">252124 ms</span>
              </div> <!-- test-method -->
              <div class="configuration-test after">
                <span class="method-name">quitDriver</span>
                <span class="method-start">252124 ms</span>
              </div> <!-- configuration-test after -->
          </div> <!-- main-panel-content rounded-window-bottom -->
        </div> <!-- panel -->
      </div> <!-- main-panel-root -->
    </div> <!-- wrapper -->
  </body>
<script type="text/javascript" src="testng-reports2.js"></script>
</html>
